{
  "RSpec": {
    "coverage": {
      "/Users/alexandraaltieri/Desktop/codechallenge/code_challenge/spec/controllers/file_upload_controller_spec.rb": [
        1,
        null,
        1,
        null,
        1,
        1,
        null,
        1,
        1,
        1,
        1,
        null,
        null
      ],
      "/Users/alexandraaltieri/Desktop/codechallenge/code_challenge/spec/rails_helper.rb": [
        1,
        1,
        1,
        1,
        1,
        1,
        null,
        1,
        1,
        1,
        1,
        1,
        null,
        null,
        1,
        1,
        1,
        1,
        null,
        null
      ],
      "/Users/alexandraaltieri/Desktop/codechallenge/code_challenge/config/environment.rb": [
        null,
        1,
        null,
        null,
        1
      ],
      "/Users/alexandraaltieri/Desktop/codechallenge/code_challenge/config/application.rb": [
        1,
        null,
        1,
        null,
        1,
        1,
        1,
        1,
        1,
        1,
        1,
        1,
        null,
        null,
        null,
        null,
        1,
        null,
        1,
        1,
        null,
        null,
        null,
        null,
        null,
        null,
        null,
        null,
        null,
        null,
        null,
        null,
        null,
        1,
        null,
        null
      ],
      "/Users/alexandraaltieri/Desktop/codechallenge/code_challenge/config/boot.rb": [
        1,
        null,
        1
      ],
      "/Users/alexandraaltieri/Desktop/codechallenge/code_challenge/config/environments/test.rb": [
        1,
        null,
        null,
        null,
        null,
        null,
        null,
        1,
        null,
        null,
        null,
        null,
        1,
        null,
        null,
        1,
        1,
        null,
        null,
        1,
        1,
        null,
        null,
        1,
        null,
        null,
        1,
        null,
        null,
        null,
        null,
        1,
        null,
        null,
        1,
        null,
        null,
        1,
        null,
        null,
        null,
        null
      ],
      "/Users/alexandraaltieri/Desktop/codechallenge/code_challenge/config/initializers/assets.rb": [
        null,
        null,
        null,
        1,
        null,
        null,
        null,
        null,
        null,
        null,
        null
      ],
      "/Users/alexandraaltieri/Desktop/codechallenge/code_challenge/config/initializers/backtrace_silencers.rb": [
        null,
        null,
        null,
        null,
        null,
        null,
        null
      ],
      "/Users/alexandraaltieri/Desktop/codechallenge/code_challenge/config/initializers/cookies_serializer.rb": [
        null,
        null,
        1
      ],
      "/Users/alexandraaltieri/Desktop/codechallenge/code_challenge/config/initializers/filter_parameter_logging.rb": [
        null,
        null,
        null,
        1
      ],
      "/Users/alexandraaltieri/Desktop/codechallenge/code_challenge/config/initializers/inflections.rb": [
        null,
        null,
        null,
        null,
        null,
        null,
        null,
        null,
        null,
        null,
        null,
        null,
        null,
        null,
        null,
        null
      ],
      "/Users/alexandraaltieri/Desktop/codechallenge/code_challenge/config/initializers/mime_types.rb": [
        null,
        null,
        null,
        null
      ],
      "/Users/alexandraaltieri/Desktop/codechallenge/code_challenge/config/initializers/session_store.rb": [
        null,
        null,
        1
      ],
      "/Users/alexandraaltieri/Desktop/codechallenge/code_challenge/config/initializers/wrap_parameters.rb": [
        null,
        null,
        null,
        null,
        null,
        null,
        1,
        1,
        null,
        null,
        null,
        null,
        null,
        null
      ],
      "/Users/alexandraaltieri/Desktop/codechallenge/code_challenge/config/routes.rb": [
        1,
        1,
        null,
        1,
        1,
        1,
        null,
        null
      ],
      "/Users/alexandraaltieri/Desktop/codechallenge/code_challenge/app/helpers/application_helper.rb": [
        1,
        null
      ],
      "/Users/alexandraaltieri/Desktop/codechallenge/code_challenge/app/helpers/purchases_helper.rb": [
        1,
        1,
        2,
        2,
        6,
        6,
        null,
        2,
        null,
        null
      ],
      "/Users/alexandraaltieri/Desktop/codechallenge/code_challenge/app/controllers/file_uploads_controller.rb": [
        1,
        1,
        2,
        null,
        null,
        1,
        2,
        2,
        2,
        null,
        null
      ],
      "/Users/alexandraaltieri/Desktop/codechallenge/code_challenge/app/controllers/application_controller.rb": [
        1,
        null,
        null,
        1,
        null
      ],
      "/Users/alexandraaltieri/Desktop/codechallenge/code_challenge/spec/features/upload_path_spec.rb": [
        1,
        null,
        1,
        1,
        1,
        1,
        1,
        1,
        null,
        null
      ],
      "/Users/alexandraaltieri/Desktop/codechallenge/code_challenge/spec/helpers/purchase_helper_spec.rb": [
        1,
        null,
        null,
        1,
        1,
        1,
        null,
        null,
        null,
        1,
        null,
        null,
        null
      ],
      "/Users/alexandraaltieri/Desktop/codechallenge/code_challenge/spec/models/file_upload_spec.rb": [
        1,
        null,
        1,
        2,
        null
      ],
      "/Users/alexandraaltieri/Desktop/codechallenge/code_challenge/app/models/file_upload.rb": [
        1,
        1,
        null
      ],
      "/Users/alexandraaltieri/Desktop/codechallenge/code_challenge/spec/models/purchase_spec.rb": [
        1,
        null,
        1,
        2,
        null,
        1,
        null,
        1,
        1,
        1,
        1,
        1,
        null,
        null,
        null,
        1,
        1,
        1,
        1,
        null,
        null,
        null
      ],
      "/Users/alexandraaltieri/Desktop/codechallenge/code_challenge/app/models/purchase.rb": [
        1,
        1,
        null,
        1,
        7,
        7,
        7,
        7,
        null,
        null,
        1,
        2,
        8,
        8,
        8,
        48,
        48,
        null,
        8,
        null,
        null,
        null
      ]
    },
    "timestamp": 1447969534
  }
}
